<?xml version="1.0" encoding="UTF-8"?>
<!-- Generated by org.testng.reporters.JUnitReportReporter -->
<testsuite hostname="chowhan" failures="0" tests="1" name="runner.CucumberRunnerTests" time="31.631" errors="0" timestamp="2023-07-14T12:03:55 IST" skipped="0">
  <testcase classname="runner.CucumberRunnerTests" name="runScenario" time="31.631"/>
  <system-out/>
</testsuite> <!-- runner.CucumberRunnerTests -->
